[debug] [2024-06-28T16:43:15.726Z] ----------------------------------------------------------------------
[debug] [2024-06-28T16:43:15.729Z] Command:       C:\Program Files\nodejs\node.exe C:\Program Files\nodejs\node_modules\firebase-tools\lib\bin\firebase.js init
[debug] [2024-06-28T16:43:15.730Z] CLI Version:   13.12.0
[debug] [2024-06-28T16:43:15.731Z] Platform:      win32
[debug] [2024-06-28T16:43:15.731Z] Node Version:  v18.18.0
[debug] [2024-06-28T16:43:15.736Z] Time:          Fri Jun 28 2024 12:43:15 GMT-0400 (hora de Bolivia)
[debug] [2024-06-28T16:43:15.736Z] ----------------------------------------------------------------------
[debug] 
[debug] [2024-06-28T16:43:15.849Z] > command requires scopes: ["email","openid","https://www.googleapis.com/auth/cloudplatformprojects.readonly","https://www.googleapis.com/auth/firebase","https://www.googleapis.com/auth/cloud-platform"]
[debug] [2024-06-28T16:43:15.850Z] > authorizing via signed-in user (jhaddyn.ortiz@salamancasolutions.com)
[info] 
     ######## #### ########  ######## ########     ###     ######  ########
     ##        ##  ##     ## ##       ##     ##  ##   ##  ##       ##
     ######    ##  ########  ######   ########  #########  ######  ######
     ##        ##  ##    ##  ##       ##     ## ##     ##       ## ##
     ##       #### ##     ## ######## ########  ##     ##  ######  ########

You're about to initialize a Firebase project in this directory:

  C:\x\qaproject\qa-tools

Before we get started, keep in mind:

  * You are currently outside your home directory
  * You are initializing within an existing Firebase project directory

[info] 
=== Project Setup
[info] 
[info] First, let's associate this project directory with a Firebase project.
[info] You can create multiple project aliases by running firebase use --add, 
[info] but for now we'll just set up a default project.
[info] 
[debug] [2024-06-28T16:43:28.695Z] Using project from CLI flag: qaprocessdax
[debug] [2024-06-28T16:43:28.700Z] >>> [apiv2][query] GET https://firebase.googleapis.com/v1beta1/projects/qaprocessdax [none]
[debug] [2024-06-28T16:43:28.947Z] *** [apiv2] error from fetch(https://firebase.googleapis.com/v1beta1/projects/qaprocessdax, {"headers":{},"method":"GET","signal":{}}): FetchError: request to https://firebase.googleapis.com/v1beta1/projects/qaprocessdax failed, reason: self-signed certificate in certificate chain
[debug] [2024-06-28T16:43:28.948Z] Failed to make request to https://firebase.googleapis.com/v1beta1/projects/qaprocessdax (original: request to https://firebase.googleapis.com/v1beta1/projects/qaprocessdax failed, reason: self-signed certificate in certificate chain)
[debug] [2024-06-28T16:43:29.056Z] FirebaseError: Failed to make request to https://firebase.googleapis.com/v1beta1/projects/qaprocessdax
    at RetryOperation._fn (C:\Users\jhadortiz\AppData\Roaming\nvm\v18.18.0\node_modules\firebase-tools\lib\apiv2.js:259:31)
    at process.processTicksAndRejections (node:internal/process/task_queues:95:5)
[error] 
[error] Error: Failed to get Firebase project qaprocessdax. Please make sure the project exists and your account has permission to access it.
[debug] [2024-06-28T16:44:38.498Z] ----------------------------------------------------------------------
[debug] [2024-06-28T16:44:38.500Z] Command:       C:\Program Files\nodejs\node.exe C:\Program Files\nodejs\node_modules\firebase-tools\lib\bin\firebase.js deploy
[debug] [2024-06-28T16:44:38.501Z] CLI Version:   13.12.0
[debug] [2024-06-28T16:44:38.502Z] Platform:      win32
[debug] [2024-06-28T16:44:38.502Z] Node Version:  v18.18.0
[debug] [2024-06-28T16:44:38.507Z] Time:          Fri Jun 28 2024 12:44:38 GMT-0400 (hora de Bolivia)
[debug] [2024-06-28T16:44:38.508Z] ----------------------------------------------------------------------
[debug] 
[debug] [2024-06-28T16:44:38.628Z] > command requires scopes: ["email","openid","https://www.googleapis.com/auth/cloudplatformprojects.readonly","https://www.googleapis.com/auth/firebase","https://www.googleapis.com/auth/cloud-platform"]
[debug] [2024-06-28T16:44:38.629Z] > authorizing via signed-in user (jhaddyn.ortiz@salamancasolutions.com)
[debug] [2024-06-28T16:44:38.629Z] [iam] checking project qaprocessdax for permissions ["firebase.projects.get","firebasehosting.sites.update"]
[debug] [2024-06-28T16:44:38.633Z] >>> [apiv2][query] POST https://cloudresourcemanager.googleapis.com/v1/projects/qaprocessdax:testIamPermissions [none]
[debug] [2024-06-28T16:44:38.634Z] >>> [apiv2][(partial)header] POST https://cloudresourcemanager.googleapis.com/v1/projects/qaprocessdax:testIamPermissions x-goog-quota-user=projects/qaprocessdax
[debug] [2024-06-28T16:44:38.634Z] >>> [apiv2][body] POST https://cloudresourcemanager.googleapis.com/v1/projects/qaprocessdax:testIamPermissions {"permissions":["firebase.projects.get","firebasehosting.sites.update"]}
[debug] [2024-06-28T16:44:40.204Z] <<< [apiv2][status] POST https://cloudresourcemanager.googleapis.com/v1/projects/qaprocessdax:testIamPermissions 200
[debug] [2024-06-28T16:44:40.205Z] <<< [apiv2][body] POST https://cloudresourcemanager.googleapis.com/v1/projects/qaprocessdax:testIamPermissions {"permissions":["firebase.projects.get","firebasehosting.sites.update"]}
[debug] [2024-06-28T16:44:40.206Z] >>> [apiv2][query] GET https://firebase.googleapis.com/v1beta1/projects/qaprocessdax [none]
[debug] [2024-06-28T16:44:40.370Z] *** [apiv2] error from fetch(https://firebase.googleapis.com/v1beta1/projects/qaprocessdax, {"headers":{},"method":"GET","signal":{}}): FetchError: request to https://firebase.googleapis.com/v1beta1/projects/qaprocessdax failed, reason: self-signed certificate in certificate chain
[debug] [2024-06-28T16:44:40.371Z] Failed to make request to https://firebase.googleapis.com/v1beta1/projects/qaprocessdax (original: request to https://firebase.googleapis.com/v1beta1/projects/qaprocessdax failed, reason: self-signed certificate in certificate chain)
[error] 
[error] Error: Assertion failed: resolving hosting target of a site with no site name or target name. This should have caused an error earlier
